Unity Editor version:    2021.3.2f1 (d6360bedb9a0)
Branch:                  2021.3/staging
Build type:              Release
Batch mode:              YES
macOS version:           Version 12.4 (Build 21F79)
Darwin version:          21.5.0
Architecture:            x86_64
Running under Rosetta:   YES
Available memory:        16384 MB
Using pre-set license
Pro License: YES

COMMAND LINE ARGUMENTS:
/Applications/Unity/Hub/Editor/2021.3.2f1/Unity.app/Contents/MacOS/Unity
-adb2
-batchMode
-noUpm
-name
AssetImportWorker0
-projectPath
/Users/wojciechtyc/Desktop/Zajęcia /Grafika Komputerowa i komunikacja człowiek-komputer PROGRAMY/Unity/Samolot
-logFile
Logs/AssetImportWorker0.log
-srvPort
59462
Successfully changed project path to: /Users/wojciechtyc/Desktop/Zajęcia /Grafika Komputerowa i komunikacja człowiek-komputer PROGRAMY/Unity/Samolot
/Users/wojciechtyc/Desktop/Zajęcia /Grafika Komputerowa i komunikacja człowiek-komputer PROGRAMY/Unity/Samolot
[UnityMemory] Configuration Parameters - Can be set up in boot.config
    "memorysetup-bucket-allocator-granularity=16"
    "memorysetup-bucket-allocator-bucket-count=8"
    "memorysetup-bucket-allocator-block-size=33554432"
    "memorysetup-bucket-allocator-block-count=8"
    "memorysetup-main-allocator-block-size=16777216"
    "memorysetup-thread-allocator-block-size=16777216"
    "memorysetup-gfx-main-allocator-block-size=16777216"
    "memorysetup-gfx-thread-allocator-block-size=16777216"
    "memorysetup-cache-allocator-block-size=4194304"
    "memorysetup-typetree-allocator-block-size=2097152"
    "memorysetup-profiler-bucket-allocator-granularity=16"
    "memorysetup-profiler-bucket-allocator-bucket-count=8"
    "memorysetup-profiler-bucket-allocator-block-size=33554432"
    "memorysetup-profiler-bucket-allocator-block-count=8"
    "memorysetup-profiler-allocator-block-size=16777216"
    "memorysetup-profiler-editor-allocator-block-size=1048576"
    "memorysetup-temp-allocator-size-main=16777216"
    "memorysetup-job-temp-allocator-block-size=2097152"
    "memorysetup-job-temp-allocator-block-size-background=1048576"
    "memorysetup-job-temp-allocator-reduction-small-platforms=262144"
    "memorysetup-temp-allocator-size-background-worker=32768"
    "memorysetup-temp-allocator-size-job-worker=262144"
    "memorysetup-temp-allocator-size-preload-manager=33554432"
    "memorysetup-temp-allocator-size-nav-mesh-worker=65536"
    "memorysetup-temp-allocator-size-audio-worker=65536"
    "memorysetup-temp-allocator-size-cloud-worker=32768"
    "memorysetup-temp-allocator-size-gi-baking-worker=262144"
    "memorysetup-temp-allocator-size-gfx=262144"
Refreshing native plugins compatible for Editor in 93.83 ms, found 2 plugins.
Preloading 0 native plugins for Editor in 0.00 ms.
Initialize engine version: 2021.3.2f1 (d6360bedb9a0)
[Subsystems] Discovering subsystems at path /Applications/Unity/Hub/Editor/2021.3.2f1/Unity.app/Contents/Resources/UnitySubsystems
[Subsystems] Discovering subsystems at path /Users/wojciechtyc/Desktop/Zajęcia /Grafika Komputerowa i komunikacja człowiek-komputer PROGRAMY/Unity/Samolot/Assets
GfxDevice: creating device client; threaded=0; jobified=0
 preferred device: Apple M1 (high power)
Metal devices available: 1
0: Apple M1 (high power)
Using device Apple M1 (high power)
Initializing Metal device caps: Apple M1
Initialize mono
Mono path[0] = '/Applications/Unity/Hub/Editor/2021.3.2f1/Unity.app/Contents/Managed'
Mono path[1] = '/Applications/Unity/Hub/Editor/2021.3.2f1/Unity.app/Contents/MonoBleedingEdge/lib/mono/unityjit-macos'
Mono config path = '/Applications/Unity/Hub/Editor/2021.3.2f1/Unity.app/Contents/MonoBleedingEdge/etc'
Using monoOptions --debugger-agent=transport=dt_socket,embedding=1,server=y,suspend=n,address=127.0.0.1:56315
Begin MonoManager ReloadAssembly
Registering precompiled unity dll's ...
Register platform support module: /Applications/Unity/Hub/Editor/2021.3.2f1/PlaybackEngines/WebGLSupport/UnityEditor.WebGL.Extensions.dll
Register platform support module: /Applications/Unity/Hub/Editor/2021.3.2f1/Unity.app/Contents/PlaybackEngines/MacStandaloneSupport/UnityEditor.OSXStandalone.Extensions.dll
Registered in 0.000658 seconds.
Native extension for OSXStandalone target not found
Native extension for WebGL target not found
Refreshing native plugins compatible for Editor in 99.08 ms, found 2 plugins.
Preloading 0 native plugins for Editor in 0.00 ms.
Mono: successfully reloaded assembly
- Completed reload, in  1.444 seconds
Domain Reload Profiling:
	ReloadAssembly (1446ms)
		BeginReloadAssembly (129ms)
			ExecutionOrderSort (0ms)
			DisableScriptedObjects (0ms)
			BackupInstance (0ms)
			ReleaseScriptingObjects (0ms)
			CreateAndSetChildDomain (3ms)
		EndReloadAssembly (1073ms)
			LoadAssemblies (125ms)
			RebuildTransferFunctionScriptingTraits (0ms)
			SetupTypeCache (135ms)
			ReleaseScriptCaches (0ms)
			RebuildScriptCaches (34ms)
			SetupLoadedEditorAssemblies (764ms)
				LogAssemblyErrors (0ms)
				InitializePlatformSupportModulesInManaged (20ms)
				SetLoadedEditorAssemblies (0ms)
				RefreshPlugins (99ms)
				BeforeProcessingInitializeOnLoad (4ms)
				ProcessInitializeOnLoadAttributes (472ms)
				ProcessInitializeOnLoadMethodAttributes (169ms)
				AfterProcessingInitializeOnLoad (0ms)
				EditorAssembliesLoaded (0ms)
			ExecutionOrderSort2 (0ms)
			AwakeInstancesAfterBackupRestoration (0ms)
Platform modules already initialized, skipping
Registering precompiled user dll's ...
Registered in 0.002977 seconds.
Begin MonoManager ReloadAssembly
Symbol file LoadedFromMemory doesn't match image /Users/wojciechtyc/Desktop/Zajęcia /Grafika Komputerowa i komunikacja człowiek-komputer PROGRAMY/Unity/Samolot/Library/PackageCache/com.unity.visualscripting@1.7.6/Editor/VisualScripting.Core/Dependencies/YamlDotNet/Unity.VisualScripting.YamlDotNet.dll
Symbol file LoadedFromMemory doesn't match image /Users/wojciechtyc/Desktop/Zajęcia /Grafika Komputerowa i komunikacja człowiek-komputer PROGRAMY/Unity/Samolot/Library/PackageCache/com.unity.visualscripting@1.7.6/Editor/VisualScripting.Core/Dependencies/DotNetZip/Unity.VisualScripting.IonicZip.dll
Native extension for OSXStandalone target not found
Native extension for WebGL target not found
Refreshing native plugins compatible for Editor in 0.55 ms, found 2 plugins.
Preloading 0 native plugins for Editor in 0.00 ms.
Mono: successfully reloaded assembly
- Completed reload, in  2.405 seconds
Domain Reload Profiling:
	ReloadAssembly (2407ms)
		BeginReloadAssembly (242ms)
			ExecutionOrderSort (0ms)
			DisableScriptedObjects (37ms)
			BackupInstance (0ms)
			ReleaseScriptingObjects (0ms)
			CreateAndSetChildDomain (30ms)
		EndReloadAssembly (1870ms)
			LoadAssemblies (141ms)
			RebuildTransferFunctionScriptingTraits (0ms)
			SetupTypeCache (335ms)
			ReleaseScriptCaches (1ms)
			RebuildScriptCaches (59ms)
			SetupLoadedEditorAssemblies (1185ms)
				LogAssemblyErrors (0ms)
				InitializePlatformSupportModulesInManaged (17ms)
				SetLoadedEditorAssemblies (1ms)
				RefreshPlugins (1ms)
				BeforeProcessingInitializeOnLoad (134ms)
				ProcessInitializeOnLoadAttributes (920ms)
				ProcessInitializeOnLoadMethodAttributes (111ms)
				AfterProcessingInitializeOnLoad (1ms)
				EditorAssembliesLoaded (0ms)
			ExecutionOrderSort2 (0ms)
			AwakeInstancesAfterBackupRestoration (11ms)
Platform modules already initialized, skipping
========================================================================
Worker process is ready to serve import requests
Launching external process: /Applications/Unity/Hub/Editor/2021.3.2f1/Unity.app/Contents/Tools/UnityShaderCompiler
Launched and connected shader compiler UnityShaderCompiler after 0.07 seconds
Refreshing native plugins compatible for Editor in 0.52 ms, found 2 plugins.
Preloading 0 native plugins for Editor in 0.00 ms.
Unloading 3362 Unused Serialized files (Serialized files now loaded: 0)
Unloading 26 unused Assets / (96.3 KB). Loaded Objects now: 3839.
Memory consumption went from 243.4 MB to 243.3 MB.
Total: 2.900917 ms (FindLiveObjects: 0.218875 ms CreateObjectMapping: 0.086417 ms MarkObjects: 2.471583 ms  DeleteObjects: 0.122833 ms)

AssetImportParameters requested are different than current active one (requested -> active):
  custom:video-decoder-ogg-theora: a1e56fd34408186e4bbccfd4996cb3dc -> 
  custom:container-muxer-webm: aa71ff27fc2769a1b78a27578f13a17b -> 
  custom:container-demuxer-webm: 4f35f7cbe854078d1ac9338744f61a02 -> 
  custom:video-encoder-webm-vp8: eb34c28f22e8b96e1ab97ce403110664 -> 
  custom:framework-osx-AVFoundation: e770b220cccbd017edd2c1fefb359320 -> 
  custom:audio-encoder-webm-vorbis: bf7c407c2cedff20999df2af8eb42d56 -> 
  custom:container-demuxer-ogg: 62fdf1f143b41e24485cea50d1cbac27 -> 
  custom:video-decoder-webm-vp8: 9c59270c3fd7afecdb556c50c9e8de78 -> 
  custom:audio-decoder-ogg-vorbis: bf7c407c2cedff20999df2af8eb42d56 -> 
========================================================================
Received Import Request.
  Time since last request: 431136.540718 seconds.
  path: Assets/mia-ww1-set01/models
  artifactKey: Guid(b71921479da247243880071ce6872e74) Importer(815301076,1909f56bfc062723c751e8b465ee728b)
Start importing Assets/mia-ww1-set01/models using Guid(b71921479da247243880071ce6872e74) Importer(815301076,1909f56bfc062723c751e8b465ee728b)  -> (artifact id: '063e651afb0ac25e56b860cb658aa64b') in 0.008249 seconds 
========================================================================
Received Import Request.
  Time since last request: 0.000237 seconds.
  path: Assets/Fantasy Forest Environment Free Sample/PostProcessing Profile.asset
  artifactKey: Guid(84e004e54aa75074885db0856eedb697) Importer(815301076,1909f56bfc062723c751e8b465ee728b)
Start importing Assets/Fantasy Forest Environment Free Sample/PostProcessing Profile.asset using Guid(84e004e54aa75074885db0856eedb697) Importer(815301076,1909f56bfc062723c751e8b465ee728b)  -> (artifact id: '230746e33aefd05940af55ec4c2e8538') in 0.097858 seconds 
========================================================================
Received Import Request.
  Time since last request: 0.000079 seconds.
  path: Assets/mia-ww1-set01/models/air_Biplane_A.FBX
  artifactKey: Guid(30344efc851560c49b4f716a9a0772cb) Importer(815301076,1909f56bfc062723c751e8b465ee728b)
Start importing Assets/mia-ww1-set01/models/air_Biplane_A.FBX using Guid(30344efc851560c49b4f716a9a0772cb) Importer(815301076,1909f56bfc062723c751e8b465ee728b)  -> (artifact id: 'a38d710bcced0ca8a8e749002d8b7e19') in 0.448246 seconds 
========================================================================
Received Import Request.
  Time since last request: 39.462787 seconds.
  path: Assets/mia-ww1-set01/textures/txtr_air_Biplane_A_a01_diff.tif
  artifactKey: Guid(06e1f1b7550dc14498ddb495fd50b215) Importer(815301076,1909f56bfc062723c751e8b465ee728b)
Start importing Assets/mia-ww1-set01/textures/txtr_air_Biplane_A_a01_diff.tif using Guid(06e1f1b7550dc14498ddb495fd50b215) Importer(815301076,1909f56bfc062723c751e8b465ee728b)  -> (artifact id: '0d330a8c137bf5a50508204f8b47d4e7') in 0.589655 seconds 
========================================================================
Received Import Request.
  Time since last request: 0.000084 seconds.
  path: Assets/mia-ww1-set01/textures/txtr_prop_Spbits_A_norm_y+.png
  artifactKey: Guid(048366349ddadc943b4280afef339163) Importer(815301076,1909f56bfc062723c751e8b465ee728b)
Start importing Assets/mia-ww1-set01/textures/txtr_prop_Spbits_A_norm_y+.png using Guid(048366349ddadc943b4280afef339163) Importer(815301076,1909f56bfc062723c751e8b465ee728b)  -> (artifact id: '7f7d4a02463d05baaf056929f7502b2a') in 0.124563 seconds 
========================================================================
Received Import Request.
  Time since last request: 261.351377 seconds.
  path: Assets/mia-ww1-set01/prefabs/air_Biplane_A_Spbits_A.prefab
  artifactKey: Guid(142d17c14bc6c674b8e4e0e3c2dbf8ef) Importer(815301076,1909f56bfc062723c751e8b465ee728b)
Start importing Assets/mia-ww1-set01/prefabs/air_Biplane_A_Spbits_A.prefab using Guid(142d17c14bc6c674b8e4e0e3c2dbf8ef) Importer(815301076,1909f56bfc062723c751e8b465ee728b)  -> (artifact id: 'f0c277ae85cbf0f723cae06f12b76a83') in 0.489440 seconds 
========================================================================
Received Import Request.
  Time since last request: 2.405692 seconds.
  path: Assets/mia-ww1-set01/prefabs/air_Biplane_A_SP.prefab
  artifactKey: Guid(1c05f7d089230664eaaf2a6aa46c3293) Importer(815301076,1909f56bfc062723c751e8b465ee728b)
Start importing Assets/mia-ww1-set01/prefabs/air_Biplane_A_SP.prefab using Guid(1c05f7d089230664eaaf2a6aa46c3293) Importer(815301076,1909f56bfc062723c751e8b465ee728b)  -> (artifact id: 'efa05d0cef299f486864447d5e1560c9') in 0.054552 seconds 
========================================================================
Received Import Request.
  Time since last request: 0.971523 seconds.
  path: Assets/mia-ww1-set01/prefabs/air_Biplane_A.prefab
  artifactKey: Guid(9a8e41967bc72454bac3742c942c9473) Importer(815301076,1909f56bfc062723c751e8b465ee728b)
Start importing Assets/mia-ww1-set01/prefabs/air_Biplane_A.prefab using Guid(9a8e41967bc72454bac3742c942c9473) Importer(815301076,1909f56bfc062723c751e8b465ee728b)  -> (artifact id: '6aa43b088a024fa6dd9764d36556b678') in 0.022745 seconds 
========================================================================
Received Import Request.
  Time since last request: 124.590977 seconds.
  path: Assets/mia-ww1-set01/scenes/mia-ww1-set01.unity
  artifactKey: Guid(57e103f9a41bd154183fce340a8b38e7) Importer(815301076,1909f56bfc062723c751e8b465ee728b)
Start importing Assets/mia-ww1-set01/scenes/mia-ww1-set01.unity using Guid(57e103f9a41bd154183fce340a8b38e7) Importer(815301076,1909f56bfc062723c751e8b465ee728b)  -> (artifact id: '28f9d20a641c88ec8f7699fffa678b3e') in 0.001776 seconds 
